2016-12-26 14:23:43,769 [Worker-7] INFO  o.e.m.c.i.l.LifecycleMappingFactory - Using org.eclipse.m2e.jdt.JarLifecycleMapping lifecycle mapping for MavenProject: com.demo.test:TestAutomation:0.0.1-SNAPSHOT @ C:\ERTestAutomation\TestAutomationFramework\pom.xml.
2016-12-26 14:23:45,033 [Worker-7] INFO  o.e.m.c.i.e.AbstractTransferListenerAdapter - Downloading http://jcenter.bintray.com/org/seleniumhq/selenium/selenium-java/2.53.1/selenium-java-2.53.1.pom
2016-12-26 14:23:45,143 [Worker-7] INFO  o.e.m.c.i.e.AbstractTransferListenerAdapter - Downloaded http://jcenter.bintray.com/org/seleniumhq/selenium/selenium-java/2.53.1/selenium-java-2.53.1.pom
2016-12-26 14:23:45,629 [Worker-7] INFO  o.e.m.c.i.e.AbstractTransferListenerAdapter - Downloading http://jcenter.bintray.com/org/seleniumhq/selenium/selenium-parent/2.53.1/selenium-parent-2.53.1.pom
2016-12-26 14:23:45,689 [Worker-7] INFO  o.e.m.c.i.e.AbstractTransferListenerAdapter - Downloaded http://jcenter.bintray.com/org/seleniumhq/selenium/selenium-parent/2.53.1/selenium-parent-2.53.1.pom
2016-12-26 14:23:45,764 [Worker-7] INFO  o.e.m.c.i.e.AbstractTransferListenerAdapter - Downloading http://jcenter.bintray.com/org/seleniumhq/selenium/selenium-chrome-driver/2.53.1/selenium-chrome-driver-2.53.1.pom
2016-12-26 14:23:45,881 [Worker-7] INFO  o.e.m.c.i.e.AbstractTransferListenerAdapter - Downloaded http://jcenter.bintray.com/org/seleniumhq/selenium/selenium-chrome-driver/2.53.1/selenium-chrome-driver-2.53.1.pom
2016-12-26 14:23:45,954 [Worker-7] INFO  o.e.m.c.i.e.AbstractTransferListenerAdapter - Downloading http://jcenter.bintray.com/org/seleniumhq/selenium/selenium-remote-driver/2.53.1/selenium-remote-driver-2.53.1.pom
2016-12-26 14:23:46,034 [Worker-7] INFO  o.e.m.c.i.e.AbstractTransferListenerAdapter - Downloaded http://jcenter.bintray.com/org/seleniumhq/selenium/selenium-remote-driver/2.53.1/selenium-remote-driver-2.53.1.pom
2016-12-26 14:23:46,210 [Worker-7] INFO  o.e.m.c.i.e.AbstractTransferListenerAdapter - Downloading http://jcenter.bintray.com/org/seleniumhq/selenium/selenium-api/2.53.1/selenium-api-2.53.1.pom
2016-12-26 14:23:46,281 [Worker-7] INFO  o.e.m.c.i.e.AbstractTransferListenerAdapter - Downloaded http://jcenter.bintray.com/org/seleniumhq/selenium/selenium-api/2.53.1/selenium-api-2.53.1.pom
2016-12-26 14:23:47,056 [Worker-7] INFO  o.e.m.c.i.e.AbstractTransferListenerAdapter - Downloading http://jcenter.bintray.com/org/seleniumhq/selenium/selenium-edge-driver/2.53.1/selenium-edge-driver-2.53.1.pom
2016-12-26 14:23:47,158 [Worker-7] INFO  o.e.m.c.i.e.AbstractTransferListenerAdapter - Downloaded http://jcenter.bintray.com/org/seleniumhq/selenium/selenium-edge-driver/2.53.1/selenium-edge-driver-2.53.1.pom
2016-12-26 14:23:47,298 [Worker-7] INFO  o.e.m.c.i.e.AbstractTransferListenerAdapter - Downloading http://jcenter.bintray.com/org/seleniumhq/selenium/htmlunit-driver/2.21/htmlunit-driver-2.21.pom
2016-12-26 14:23:47,355 [Worker-7] INFO  o.e.m.c.i.e.AbstractTransferListenerAdapter - Downloaded http://jcenter.bintray.com/org/seleniumhq/selenium/htmlunit-driver/2.21/htmlunit-driver-2.21.pom
2016-12-26 14:23:47,444 [Worker-7] INFO  o.e.m.c.i.e.AbstractTransferListenerAdapter - Downloading http://jcenter.bintray.com/net/sourceforge/htmlunit/htmlunit/2.21/htmlunit-2.21.pom
2016-12-26 14:23:47,613 [Worker-7] INFO  o.e.m.c.i.e.AbstractTransferListenerAdapter - Downloaded http://jcenter.bintray.com/net/sourceforge/htmlunit/htmlunit/2.21/htmlunit-2.21.pom
2016-12-26 14:23:47,694 [Worker-7] INFO  o.e.m.c.i.e.AbstractTransferListenerAdapter - Downloading http://jcenter.bintray.com/xalan/xalan/2.7.2/xalan-2.7.2.pom
2016-12-26 14:23:47,764 [Worker-7] INFO  o.e.m.c.i.e.AbstractTransferListenerAdapter - Downloaded http://jcenter.bintray.com/xalan/xalan/2.7.2/xalan-2.7.2.pom
2016-12-26 14:23:47,951 [Worker-7] INFO  o.e.m.c.i.e.AbstractTransferListenerAdapter - Downloading http://jcenter.bintray.com/xalan/serializer/2.7.2/serializer-2.7.2.pom
2016-12-26 14:23:48,043 [Worker-7] INFO  o.e.m.c.i.e.AbstractTransferListenerAdapter - Downloaded http://jcenter.bintray.com/xalan/serializer/2.7.2/serializer-2.7.2.pom
2016-12-26 14:23:48,129 [Worker-7] INFO  o.e.m.c.i.e.AbstractTransferListenerAdapter - Downloading http://jcenter.bintray.com/org/apache/commons/commons-lang3/3.4/commons-lang3-3.4.pom
2016-12-26 14:23:48,216 [Worker-7] INFO  o.e.m.c.i.e.AbstractTransferListenerAdapter - Downloaded http://jcenter.bintray.com/org/apache/commons/commons-lang3/3.4/commons-lang3-3.4.pom
2016-12-26 14:23:48,290 [Worker-7] INFO  o.e.m.c.i.e.AbstractTransferListenerAdapter - Downloading http://jcenter.bintray.com/org/apache/commons/commons-parent/37/commons-parent-37.pom
2016-12-26 14:23:48,539 [Worker-7] INFO  o.e.m.c.i.e.AbstractTransferListenerAdapter - Downloaded http://jcenter.bintray.com/org/apache/commons/commons-parent/37/commons-parent-37.pom
2016-12-26 14:23:48,973 [Worker-7] INFO  o.e.m.c.i.e.AbstractTransferListenerAdapter - Downloading http://jcenter.bintray.com/net/sourceforge/htmlunit/htmlunit-core-js/2.17/htmlunit-core-js-2.17.pom
2016-12-26 14:23:49,062 [Worker-7] INFO  o.e.m.c.i.e.AbstractTransferListenerAdapter - Downloaded http://jcenter.bintray.com/net/sourceforge/htmlunit/htmlunit-core-js/2.17/htmlunit-core-js-2.17.pom
2016-12-26 14:23:49,152 [Worker-7] INFO  o.e.m.c.i.e.AbstractTransferListenerAdapter - Downloading http://jcenter.bintray.com/net/sourceforge/htmlunit/neko-htmlunit/2.21/neko-htmlunit-2.21.pom
2016-12-26 14:23:49,223 [Worker-7] INFO  o.e.m.c.i.e.AbstractTransferListenerAdapter - Downloaded http://jcenter.bintray.com/net/sourceforge/htmlunit/neko-htmlunit/2.21/neko-htmlunit-2.21.pom
2016-12-26 14:23:49,326 [Worker-7] INFO  o.e.m.c.i.e.AbstractTransferListenerAdapter - Downloading http://jcenter.bintray.com/net/sourceforge/cssparser/cssparser/0.9.18/cssparser-0.9.18.pom
2016-12-26 14:23:49,425 [Worker-7] INFO  o.e.m.c.i.e.AbstractTransferListenerAdapter - Downloaded http://jcenter.bintray.com/net/sourceforge/cssparser/cssparser/0.9.18/cssparser-0.9.18.pom
2016-12-26 14:23:49,571 [Worker-7] INFO  o.e.m.c.i.e.AbstractTransferListenerAdapter - Downloading http://jcenter.bintray.com/org/eclipse/jetty/websocket/websocket-client/9.2.15.v20160210/websocket-client-9.2.15.v20160210.pom
2016-12-26 14:23:49,652 [Worker-7] INFO  o.e.m.c.i.e.AbstractTransferListenerAdapter - Downloaded http://jcenter.bintray.com/org/eclipse/jetty/websocket/websocket-client/9.2.15.v20160210/websocket-client-9.2.15.v20160210.pom
2016-12-26 14:23:49,754 [Worker-7] INFO  o.e.m.c.i.e.AbstractTransferListenerAdapter - Downloading http://jcenter.bintray.com/org/eclipse/jetty/websocket/websocket-parent/9.2.15.v20160210/websocket-parent-9.2.15.v20160210.pom
2016-12-26 14:23:49,828 [Worker-7] INFO  o.e.m.c.i.e.AbstractTransferListenerAdapter - Downloaded http://jcenter.bintray.com/org/eclipse/jetty/websocket/websocket-parent/9.2.15.v20160210/websocket-parent-9.2.15.v20160210.pom
2016-12-26 14:23:49,925 [Worker-7] INFO  o.e.m.c.i.e.AbstractTransferListenerAdapter - Downloading http://jcenter.bintray.com/org/eclipse/jetty/jetty-project/9.2.15.v20160210/jetty-project-9.2.15.v20160210.pom
2016-12-26 14:23:50,052 [Worker-7] INFO  o.e.m.c.i.e.AbstractTransferListenerAdapter - Downloaded http://jcenter.bintray.com/org/eclipse/jetty/jetty-project/9.2.15.v20160210/jetty-project-9.2.15.v20160210.pom
2016-12-26 14:23:50,162 [Worker-7] INFO  o.e.m.c.i.e.AbstractTransferListenerAdapter - Downloading http://jcenter.bintray.com/org/eclipse/jetty/jetty-parent/23/jetty-parent-23.pom
2016-12-26 14:23:50,228 [Worker-7] INFO  o.e.m.c.i.e.AbstractTransferListenerAdapter - Downloaded http://jcenter.bintray.com/org/eclipse/jetty/jetty-parent/23/jetty-parent-23.pom
2016-12-26 14:23:50,314 [Worker-7] INFO  o.e.m.c.i.e.AbstractTransferListenerAdapter - Downloading http://jcenter.bintray.com/org/eclipse/jetty/jetty-util/9.2.15.v20160210/jetty-util-9.2.15.v20160210.pom
2016-12-26 14:23:50,388 [Worker-7] INFO  o.e.m.c.i.e.AbstractTransferListenerAdapter - Downloaded http://jcenter.bintray.com/org/eclipse/jetty/jetty-util/9.2.15.v20160210/jetty-util-9.2.15.v20160210.pom
2016-12-26 14:23:50,462 [Worker-7] INFO  o.e.m.c.i.e.AbstractTransferListenerAdapter - Downloading http://jcenter.bintray.com/org/eclipse/jetty/jetty-io/9.2.15.v20160210/jetty-io-9.2.15.v20160210.pom
2016-12-26 14:23:50,534 [Worker-7] INFO  o.e.m.c.i.e.AbstractTransferListenerAdapter - Downloaded http://jcenter.bintray.com/org/eclipse/jetty/jetty-io/9.2.15.v20160210/jetty-io-9.2.15.v20160210.pom
2016-12-26 14:23:50,665 [Worker-7] INFO  o.e.m.c.i.e.AbstractTransferListenerAdapter - Downloading http://jcenter.bintray.com/org/eclipse/jetty/websocket/websocket-common/9.2.15.v20160210/websocket-common-9.2.15.v20160210.pom
2016-12-26 14:23:50,728 [Worker-7] INFO  o.e.m.c.i.e.AbstractTransferListenerAdapter - Downloaded http://jcenter.bintray.com/org/eclipse/jetty/websocket/websocket-common/9.2.15.v20160210/websocket-common-9.2.15.v20160210.pom
2016-12-26 14:23:50,820 [Worker-7] INFO  o.e.m.c.i.e.AbstractTransferListenerAdapter - Downloading http://jcenter.bintray.com/org/eclipse/jetty/websocket/websocket-api/9.2.15.v20160210/websocket-api-9.2.15.v20160210.pom
2016-12-26 14:23:50,902 [Worker-7] INFO  o.e.m.c.i.e.AbstractTransferListenerAdapter - Downloaded http://jcenter.bintray.com/org/eclipse/jetty/websocket/websocket-api/9.2.15.v20160210/websocket-api-9.2.15.v20160210.pom
2016-12-26 14:23:50,992 [Worker-7] INFO  o.e.m.c.i.e.AbstractTransferListenerAdapter - Downloading http://jcenter.bintray.com/commons-collections/commons-collections/3.2.2/commons-collections-3.2.2.pom
2016-12-26 14:23:51,088 [Worker-7] INFO  o.e.m.c.i.e.AbstractTransferListenerAdapter - Downloaded http://jcenter.bintray.com/commons-collections/commons-collections/3.2.2/commons-collections-3.2.2.pom
2016-12-26 14:23:51,166 [Worker-7] INFO  o.e.m.c.i.e.AbstractTransferListenerAdapter - Downloading http://jcenter.bintray.com/org/apache/commons/commons-parent/39/commons-parent-39.pom
2016-12-26 14:23:51,307 [Worker-7] INFO  o.e.m.c.i.e.AbstractTransferListenerAdapter - Downloaded http://jcenter.bintray.com/org/apache/commons/commons-parent/39/commons-parent-39.pom
2016-12-26 14:23:51,383 [Worker-7] INFO  o.e.m.c.i.e.AbstractTransferListenerAdapter - Downloading http://jcenter.bintray.com/org/seleniumhq/selenium/selenium-firefox-driver/2.53.1/selenium-firefox-driver-2.53.1.pom
2016-12-26 14:23:51,445 [Worker-7] INFO  o.e.m.c.i.e.AbstractTransferListenerAdapter - Downloaded http://jcenter.bintray.com/org/seleniumhq/selenium/selenium-firefox-driver/2.53.1/selenium-firefox-driver-2.53.1.pom
2016-12-26 14:23:51,517 [Worker-7] INFO  o.e.m.c.i.e.AbstractTransferListenerAdapter - Downloading http://jcenter.bintray.com/org/seleniumhq/selenium/selenium-ie-driver/2.53.1/selenium-ie-driver-2.53.1.pom
2016-12-26 14:23:51,705 [Worker-7] INFO  o.e.m.c.i.e.AbstractTransferListenerAdapter - Downloaded http://jcenter.bintray.com/org/seleniumhq/selenium/selenium-ie-driver/2.53.1/selenium-ie-driver-2.53.1.pom
2016-12-26 14:23:51,798 [Worker-7] INFO  o.e.m.c.i.e.AbstractTransferListenerAdapter - Downloading http://jcenter.bintray.com/org/seleniumhq/selenium/selenium-safari-driver/2.53.1/selenium-safari-driver-2.53.1.pom
2016-12-26 14:23:51,873 [Worker-7] INFO  o.e.m.c.i.e.AbstractTransferListenerAdapter - Downloaded http://jcenter.bintray.com/org/seleniumhq/selenium/selenium-safari-driver/2.53.1/selenium-safari-driver-2.53.1.pom
2016-12-26 14:23:52,013 [Worker-7] INFO  o.e.m.c.i.e.AbstractTransferListenerAdapter - Downloading http://jcenter.bintray.com/org/seleniumhq/selenium/selenium-support/2.53.1/selenium-support-2.53.1.pom
2016-12-26 14:23:52,124 [Worker-7] INFO  o.e.m.c.i.e.AbstractTransferListenerAdapter - Downloaded http://jcenter.bintray.com/org/seleniumhq/selenium/selenium-support/2.53.1/selenium-support-2.53.1.pom
2016-12-26 14:23:52,203 [Worker-7] INFO  o.e.m.c.i.e.AbstractTransferListenerAdapter - Downloading http://jcenter.bintray.com/org/seleniumhq/selenium/selenium-leg-rc/2.53.1/selenium-leg-rc-2.53.1.pom
2016-12-26 14:23:52,429 [Worker-7] INFO  o.e.m.c.i.e.AbstractTransferListenerAdapter - Downloaded http://jcenter.bintray.com/org/seleniumhq/selenium/selenium-leg-rc/2.53.1/selenium-leg-rc-2.53.1.pom
2016-12-26 14:23:52,686 [Worker-7] INFO  o.e.m.c.i.e.AbstractTransferListenerAdapter - Downloading http://jcenter.bintray.com/org/slf4j/slf4j-api/1.7.5/slf4j-api-1.7.5.jar
2016-12-26 14:23:52,791 [Worker-7] INFO  o.e.m.c.i.e.AbstractTransferListenerAdapter - Downloaded http://jcenter.bintray.com/org/slf4j/slf4j-api/1.7.5/slf4j-api-1.7.5.jar
2016-12-26 14:23:53,031 [Worker-7] INFO  o.e.m.c.i.e.AbstractTransferListenerAdapter - Downloading http://jcenter.bintray.com/xml-apis/xml-apis/1.4.01/xml-apis-1.4.01.jar
2016-12-26 14:23:53,217 [Worker-7] INFO  o.e.m.c.i.e.AbstractTransferListenerAdapter - Downloaded http://jcenter.bintray.com/xml-apis/xml-apis/1.4.01/xml-apis-1.4.01.jar
2016-12-26 14:23:53,366 [Worker-7] INFO  o.e.m.c.i.e.AbstractTransferListenerAdapter - Downloading http://jcenter.bintray.com/org/seleniumhq/selenium/selenium-java/2.53.1/selenium-java-2.53.1.jar
2016-12-26 14:23:53,548 [Worker-7] INFO  o.e.m.c.i.e.AbstractTransferListenerAdapter - Downloaded http://jcenter.bintray.com/org/seleniumhq/selenium/selenium-java/2.53.1/selenium-java-2.53.1.jar
2016-12-26 14:23:53,700 [Worker-7] INFO  o.e.m.c.i.e.AbstractTransferListenerAdapter - Downloading http://jcenter.bintray.com/org/seleniumhq/selenium/selenium-chrome-driver/2.53.1/selenium-chrome-driver-2.53.1.jar
2016-12-26 14:23:54,145 [Worker-7] INFO  o.e.m.c.i.e.AbstractTransferListenerAdapter - Downloaded http://jcenter.bintray.com/org/seleniumhq/selenium/selenium-chrome-driver/2.53.1/selenium-chrome-driver-2.53.1.jar
2016-12-26 14:23:54,993 [Worker-7] INFO  o.e.m.c.i.e.AbstractTransferListenerAdapter - Downloading http://jcenter.bintray.com/org/seleniumhq/selenium/selenium-remote-driver/2.53.1/selenium-remote-driver-2.53.1.jar
2016-12-26 14:23:55,591 [Worker-7] INFO  o.e.m.c.i.e.AbstractTransferListenerAdapter - Downloaded http://jcenter.bintray.com/org/seleniumhq/selenium/selenium-remote-driver/2.53.1/selenium-remote-driver-2.53.1.jar
2016-12-26 14:23:55,964 [Worker-7] INFO  o.e.m.c.i.e.AbstractTransferListenerAdapter - Downloading http://jcenter.bintray.com/cglib/cglib-nodep/2.1_3/cglib-nodep-2.1_3.jar
2016-12-26 14:23:57,058 [Worker-7] INFO  o.e.m.c.i.e.AbstractTransferListenerAdapter - Downloaded http://jcenter.bintray.com/cglib/cglib-nodep/2.1_3/cglib-nodep-2.1_3.jar
2016-12-26 14:23:57,237 [Worker-7] INFO  o.e.m.c.i.e.AbstractTransferListenerAdapter - Downloading http://jcenter.bintray.com/org/seleniumhq/selenium/selenium-api/2.53.1/selenium-api-2.53.1.jar
2016-12-26 14:23:58,721 [Worker-7] INFO  o.e.m.c.i.e.AbstractTransferListenerAdapter - Downloaded http://jcenter.bintray.com/org/seleniumhq/selenium/selenium-api/2.53.1/selenium-api-2.53.1.jar
2016-12-26 14:23:59,803 [Worker-7] INFO  o.e.m.c.i.e.AbstractTransferListenerAdapter - Downloading http://jcenter.bintray.com/org/apache/httpcomponents/httpclient/4.5.1/httpclient-4.5.1.jar
2016-12-26 14:24:00,198 [Worker-7] INFO  o.e.m.c.i.e.AbstractTransferListenerAdapter - Downloaded http://jcenter.bintray.com/org/apache/httpcomponents/httpclient/4.5.1/httpclient-4.5.1.jar
2016-12-26 14:24:00,923 [Worker-7] INFO  o.e.m.c.i.e.AbstractTransferListenerAdapter - Downloading http://jcenter.bintray.com/org/apache/httpcomponents/httpcore/4.4.3/httpcore-4.4.3.jar
2016-12-26 14:24:01,175 [Worker-7] INFO  o.e.m.c.i.e.AbstractTransferListenerAdapter - Downloaded http://jcenter.bintray.com/org/apache/httpcomponents/httpcore/4.4.3/httpcore-4.4.3.jar
2016-12-26 14:24:01,243 [Worker-7] INFO  o.e.m.c.i.e.AbstractTransferListenerAdapter - Downloading http://jcenter.bintray.com/org/seleniumhq/selenium/selenium-edge-driver/2.53.1/selenium-edge-driver-2.53.1.jar
2016-12-26 14:24:01,312 [Worker-7] INFO  o.e.m.c.i.e.AbstractTransferListenerAdapter - Downloaded http://jcenter.bintray.com/org/seleniumhq/selenium/selenium-edge-driver/2.53.1/selenium-edge-driver-2.53.1.jar
2016-12-26 14:24:01,377 [Worker-7] INFO  o.e.m.c.i.e.AbstractTransferListenerAdapter - Downloading http://jcenter.bintray.com/commons-io/commons-io/2.4/commons-io-2.4.jar
2016-12-26 14:24:01,945 [Worker-7] INFO  o.e.m.c.i.e.AbstractTransferListenerAdapter - Downloaded http://jcenter.bintray.com/commons-io/commons-io/2.4/commons-io-2.4.jar
2016-12-26 14:24:02,032 [Worker-7] INFO  o.e.m.c.i.e.AbstractTransferListenerAdapter - Downloading http://jcenter.bintray.com/org/seleniumhq/selenium/htmlunit-driver/2.21/htmlunit-driver-2.21.jar
2016-12-26 14:24:02,212 [Worker-7] INFO  o.e.m.c.i.e.AbstractTransferListenerAdapter - Downloaded http://jcenter.bintray.com/org/seleniumhq/selenium/htmlunit-driver/2.21/htmlunit-driver-2.21.jar
2016-12-26 14:24:02,613 [Worker-7] INFO  o.e.m.c.i.e.AbstractTransferListenerAdapter - Downloading http://jcenter.bintray.com/net/sourceforge/htmlunit/htmlunit/2.21/htmlunit-2.21.jar
2016-12-26 14:24:03,941 [Worker-7] INFO  o.e.m.c.i.e.AbstractTransferListenerAdapter - Downloaded http://jcenter.bintray.com/net/sourceforge/htmlunit/htmlunit/2.21/htmlunit-2.21.jar
2016-12-26 14:24:04,839 [Worker-7] INFO  o.e.m.c.i.e.AbstractTransferListenerAdapter - Downloading http://jcenter.bintray.com/xalan/xalan/2.7.2/xalan-2.7.2.jar
2016-12-26 14:24:06,356 [Worker-7] INFO  o.e.m.c.i.e.AbstractTransferListenerAdapter - Downloaded http://jcenter.bintray.com/xalan/xalan/2.7.2/xalan-2.7.2.jar
2016-12-26 14:24:07,243 [Worker-7] INFO  o.e.m.c.i.e.AbstractTransferListenerAdapter - Downloading http://jcenter.bintray.com/xalan/serializer/2.7.2/serializer-2.7.2.jar
2016-12-26 14:24:07,425 [Worker-7] INFO  o.e.m.c.i.e.AbstractTransferListenerAdapter - Downloaded http://jcenter.bintray.com/xalan/serializer/2.7.2/serializer-2.7.2.jar
2016-12-26 14:24:07,504 [Worker-7] INFO  o.e.m.c.i.e.AbstractTransferListenerAdapter - Downloading http://jcenter.bintray.com/org/apache/commons/commons-lang3/3.4/commons-lang3-3.4.jar
2016-12-26 14:24:07,793 [Worker-7] INFO  o.e.m.c.i.e.AbstractTransferListenerAdapter - Downloaded http://jcenter.bintray.com/org/apache/commons/commons-lang3/3.4/commons-lang3-3.4.jar
2016-12-26 14:24:08,658 [Worker-7] INFO  o.e.m.c.i.e.AbstractTransferListenerAdapter - Downloading http://jcenter.bintray.com/net/sourceforge/htmlunit/htmlunit-core-js/2.17/htmlunit-core-js-2.17.jar
2016-12-26 14:24:09,143 [Worker-7] INFO  o.e.m.c.i.e.AbstractTransferListenerAdapter - Downloaded http://jcenter.bintray.com/net/sourceforge/htmlunit/htmlunit-core-js/2.17/htmlunit-core-js-2.17.jar
2016-12-26 14:24:09,211 [Worker-7] INFO  o.e.m.c.i.e.AbstractTransferListenerAdapter - Downloading http://jcenter.bintray.com/net/sourceforge/htmlunit/neko-htmlunit/2.21/neko-htmlunit-2.21.jar
2016-12-26 14:24:09,564 [Worker-7] INFO  o.e.m.c.i.e.AbstractTransferListenerAdapter - Downloaded http://jcenter.bintray.com/net/sourceforge/htmlunit/neko-htmlunit/2.21/neko-htmlunit-2.21.jar
2016-12-26 14:24:09,857 [Worker-7] INFO  o.e.m.c.i.e.AbstractTransferListenerAdapter - Downloading http://jcenter.bintray.com/xerces/xercesImpl/2.11.0/xercesImpl-2.11.0.jar
2016-12-26 14:24:10,359 [Worker-7] INFO  o.e.m.c.i.e.AbstractTransferListenerAdapter - Downloaded http://jcenter.bintray.com/xerces/xercesImpl/2.11.0/xercesImpl-2.11.0.jar
2016-12-26 14:24:10,677 [Worker-7] INFO  o.e.m.c.i.e.AbstractTransferListenerAdapter - Downloading http://jcenter.bintray.com/net/sourceforge/cssparser/cssparser/0.9.18/cssparser-0.9.18.jar
2016-12-26 14:24:10,902 [Worker-7] INFO  o.e.m.c.i.e.AbstractTransferListenerAdapter - Downloaded http://jcenter.bintray.com/net/sourceforge/cssparser/cssparser/0.9.18/cssparser-0.9.18.jar
2016-12-26 14:24:11,042 [Worker-7] INFO  o.e.m.c.i.e.AbstractTransferListenerAdapter - Downloading http://jcenter.bintray.com/org/w3c/css/sac/1.3/sac-1.3.jar
2016-12-26 14:24:11,151 [Worker-7] INFO  o.e.m.c.i.e.AbstractTransferListenerAdapter - Downloaded http://jcenter.bintray.com/org/w3c/css/sac/1.3/sac-1.3.jar
2016-12-26 14:24:11,219 [Worker-7] INFO  o.e.m.c.i.e.AbstractTransferListenerAdapter - Downloading http://jcenter.bintray.com/org/eclipse/jetty/websocket/websocket-client/9.2.15.v20160210/websocket-client-9.2.15.v20160210.jar
2016-12-26 14:24:11,330 [Worker-7] INFO  o.e.m.c.i.e.AbstractTransferListenerAdapter - Downloaded http://jcenter.bintray.com/org/eclipse/jetty/websocket/websocket-client/9.2.15.v20160210/websocket-client-9.2.15.v20160210.jar
2016-12-26 14:24:12,150 [Worker-7] INFO  o.e.m.c.i.e.AbstractTransferListenerAdapter - Downloading http://jcenter.bintray.com/org/eclipse/jetty/jetty-util/9.2.15.v20160210/jetty-util-9.2.15.v20160210.jar
2016-12-26 14:24:12,365 [Worker-7] INFO  o.e.m.c.i.e.AbstractTransferListenerAdapter - Downloaded http://jcenter.bintray.com/org/eclipse/jetty/jetty-util/9.2.15.v20160210/jetty-util-9.2.15.v20160210.jar
2016-12-26 14:24:12,441 [Worker-7] INFO  o.e.m.c.i.e.AbstractTransferListenerAdapter - Downloading http://jcenter.bintray.com/org/eclipse/jetty/jetty-io/9.2.15.v20160210/jetty-io-9.2.15.v20160210.jar
2016-12-26 14:24:12,653 [Worker-7] INFO  o.e.m.c.i.e.AbstractTransferListenerAdapter - Downloaded http://jcenter.bintray.com/org/eclipse/jetty/jetty-io/9.2.15.v20160210/jetty-io-9.2.15.v20160210.jar
2016-12-26 14:24:12,785 [Worker-7] INFO  o.e.m.c.i.e.AbstractTransferListenerAdapter - Downloading http://jcenter.bintray.com/org/eclipse/jetty/websocket/websocket-common/9.2.15.v20160210/websocket-common-9.2.15.v20160210.jar
2016-12-26 14:24:12,971 [Worker-7] INFO  o.e.m.c.i.e.AbstractTransferListenerAdapter - Downloaded http://jcenter.bintray.com/org/eclipse/jetty/websocket/websocket-common/9.2.15.v20160210/websocket-common-9.2.15.v20160210.jar
2016-12-26 14:24:13,064 [Worker-7] INFO  o.e.m.c.i.e.AbstractTransferListenerAdapter - Downloading http://jcenter.bintray.com/org/eclipse/jetty/websocket/websocket-api/9.2.15.v20160210/websocket-api-9.2.15.v20160210.jar
2016-12-26 14:24:13,149 [Worker-7] INFO  o.e.m.c.i.e.AbstractTransferListenerAdapter - Downloaded http://jcenter.bintray.com/org/eclipse/jetty/websocket/websocket-api/9.2.15.v20160210/websocket-api-9.2.15.v20160210.jar
2016-12-26 14:24:13,303 [Worker-7] INFO  o.e.m.c.i.e.AbstractTransferListenerAdapter - Downloading http://jcenter.bintray.com/commons-collections/commons-collections/3.2.2/commons-collections-3.2.2.jar
2016-12-26 14:24:13,674 [Worker-7] INFO  o.e.m.c.i.e.AbstractTransferListenerAdapter - Downloaded http://jcenter.bintray.com/commons-collections/commons-collections/3.2.2/commons-collections-3.2.2.jar
2016-12-26 14:24:14,494 [Worker-7] INFO  o.e.m.c.i.e.AbstractTransferListenerAdapter - Downloading http://jcenter.bintray.com/org/seleniumhq/selenium/selenium-firefox-driver/2.53.1/selenium-firefox-driver-2.53.1.jar
2016-12-26 14:24:14,958 [Worker-7] INFO  o.e.m.c.i.e.AbstractTransferListenerAdapter - Downloaded http://jcenter.bintray.com/org/seleniumhq/selenium/selenium-firefox-driver/2.53.1/selenium-firefox-driver-2.53.1.jar
2016-12-26 14:24:15,052 [Worker-7] INFO  o.e.m.c.i.e.AbstractTransferListenerAdapter - Downloading http://jcenter.bintray.com/org/seleniumhq/selenium/selenium-ie-driver/2.53.1/selenium-ie-driver-2.53.1.jar
2016-12-26 14:24:15,118 [Worker-7] INFO  o.e.m.c.i.e.AbstractTransferListenerAdapter - Downloaded http://jcenter.bintray.com/org/seleniumhq/selenium/selenium-ie-driver/2.53.1/selenium-ie-driver-2.53.1.jar
2016-12-26 14:24:15,185 [Worker-7] INFO  o.e.m.c.i.e.AbstractTransferListenerAdapter - Downloading http://jcenter.bintray.com/org/seleniumhq/selenium/selenium-safari-driver/2.53.1/selenium-safari-driver-2.53.1.jar
2016-12-26 14:24:15,354 [Worker-7] INFO  o.e.m.c.i.e.AbstractTransferListenerAdapter - Downloaded http://jcenter.bintray.com/org/seleniumhq/selenium/selenium-safari-driver/2.53.1/selenium-safari-driver-2.53.1.jar
2016-12-26 14:24:15,463 [Worker-7] INFO  o.e.m.c.i.e.AbstractTransferListenerAdapter - Downloading http://jcenter.bintray.com/org/seleniumhq/selenium/selenium-support/2.53.1/selenium-support-2.53.1.jar
2016-12-26 14:24:15,696 [Worker-7] INFO  o.e.m.c.i.e.AbstractTransferListenerAdapter - Downloaded http://jcenter.bintray.com/org/seleniumhq/selenium/selenium-support/2.53.1/selenium-support-2.53.1.jar
2016-12-26 14:24:16,575 [Worker-7] INFO  o.e.m.c.i.e.AbstractTransferListenerAdapter - Downloading http://jcenter.bintray.com/org/seleniumhq/selenium/selenium-leg-rc/2.53.1/selenium-leg-rc-2.53.1.jar
2016-12-26 14:24:16,823 [Worker-7] INFO  o.e.m.c.i.e.AbstractTransferListenerAdapter - Downloaded http://jcenter.bintray.com/org/seleniumhq/selenium/selenium-leg-rc/2.53.1/selenium-leg-rc-2.53.1.jar
2016-12-26 14:24:25,070 [Worker-7] INFO  o.e.m.j.i.AbstractJavaProjectConfigurator - Adding source folder /TestAutomationFramework/src/main/java
2016-12-26 14:24:25,074 [Worker-7] INFO  o.e.m.j.i.AbstractJavaProjectConfigurator - Adding source folder /TestAutomationFramework/src/test/java
2016-12-26 14:24:25,088 [Worker-7] INFO  o.e.m.j.i.AbstractJavaProjectConfigurator - Adding resource folder /TestAutomationFramework/src/test/resources
2016-12-26 14:24:25,398 [Worker-7] INFO  o.e.m.c.i.p.ProjectConfigurationManager - Imported and configured 1 project(s) in 55 sec
2016-12-26 14:24:30,597 [Worker-5] WARN  o.e.m.c.i.embedder.EclipseLogger - Using platform encoding (Cp1252 actually) to copy filtered resources, i.e. build is platform dependent!
2016-12-26 14:24:30,600 [Worker-5] INFO  o.e.m.c.i.embedder.EclipseLogger - skip non existing resourceDirectory C:\ERTestAutomation\TestAutomationFramework\src\main\resources
2016-12-26 14:24:30,602 [Worker-5] WARN  o.e.m.c.i.embedder.EclipseLogger - Using platform encoding (Cp1252 actually) to copy filtered resources, i.e. build is platform dependent!
2016-12-26 14:24:30,610 [Worker-5] INFO  o.e.m.c.i.embedder.EclipseLogger - Copying 1 resource
2016-12-26 14:24:32,406 [Worker-13] WARN  o.e.m.c.i.embedder.EclipseLogger - Using platform encoding (Cp1252 actually) to copy filtered resources, i.e. build is platform dependent!
2016-12-26 14:24:32,408 [Worker-13] INFO  o.e.m.c.i.embedder.EclipseLogger - skip non existing resourceDirectory C:\ERTestAutomation\TestAutomationFramework\src\main\resources
2016-12-26 14:24:32,411 [Worker-13] WARN  o.e.m.c.i.embedder.EclipseLogger - Using platform encoding (Cp1252 actually) to copy filtered resources, i.e. build is platform dependent!
2016-12-26 14:24:32,415 [Worker-13] INFO  o.e.m.c.i.embedder.EclipseLogger - Copying 0 resource
2016-12-26 14:25:04,132 [Worker-12] WARN  o.e.m.c.i.embedder.EclipseLogger - Using platform encoding (Cp1252 actually) to copy filtered resources, i.e. build is platform dependent!
2016-12-26 14:25:04,147 [Worker-12] INFO  o.e.m.c.i.embedder.EclipseLogger - skip non existing resourceDirectory C:\ERTestAutomation\TestAutomationFramework\src\main\resources
2016-12-26 14:25:04,149 [Worker-12] WARN  o.e.m.c.i.embedder.EclipseLogger - Using platform encoding (Cp1252 actually) to copy filtered resources, i.e. build is platform dependent!
2016-12-26 14:25:04,155 [Worker-12] INFO  o.e.m.c.i.embedder.EclipseLogger - Copying 1 resource
